/*C2*/CONNECT USER SA
/*C3*/CONNECT USER SA
/*C2*/SET AUTOCOMMIT FALSE
/*C3*/DISCONNECT
/*C2*/DISCONNECT
/*C4*/CONNECT USER SA
/*C5*/CONNECT USER SA
/*C6*/CONNECT USER SA
/*C4*/SET AUTOCOMMIT FALSE
/*C5*/DISCONNECT
/*C6*/DISCONNECT
/*C4*/DISCONNECT
/*C7*/CONNECT USER SA
/*C8*/CONNECT USER SA
/*C9*/CONNECT USER SA
/*C7*/SET AUTOCOMMIT FALSE
/*C8*/DISCONNECT
/*C9*/DISCONNECT
/*C7*/DISCONNECT
/*C10*/CONNECT USER SA
/*C11*/CONNECT USER SA
/*C12*/CONNECT USER SA
/*C10*/SET AUTOCOMMIT FALSE
INSERT INTO MESSAGES VALUES(173,'\u4e8b\u52a1\u95ee\u9898,ID:0.8904514063731241','\u5728JThink-Framework\u4e2d\u5982\u4f55\u5904\u7406\u4e8b\u52a1\uff1f','try','127.0.0.1','try_wen@yahoo.com.cn','32312569','2008-12-08 01:50:09.0',NULL,NULL,NULL)
COMMIT
INSERT INTO MESSAGES VALUES(174,'\u65e5\u5fd7\u95ee\u9898,ID:0.7621833400661163','\u5728JThink-Framework\u4e2d\u5982\u4f55\u5904\u7406\u65e5\u5fd7\uff1f','wenjian','192.168.0.1','wjian@free-think.org','32312569','2008-12-08 01:50:09.0',NULL,NULL,NULL)
COMMIT
DISCONNECT
/*C11*/DISCONNECT
/*C12*/DISCONNECT
/*C13*/CONNECT USER SA
/*C14*/CONNECT USER SA
/*C15*/CONNECT USER SA
/*C13*/SET AUTOCOMMIT FALSE
INSERT INTO MESSAGES VALUES(175,'\u4e8b\u52a1\u95ee\u9898,ID:0.8970982798001368','\u5728JThink-Framework\u4e2d\u5982\u4f55\u5904\u7406\u4e8b\u52a1\uff1f','try','127.0.0.1','try_wen@yahoo.com.cn','32312569','2008-12-08 01:51:09.0',NULL,NULL,NULL)
COMMIT
INSERT INTO MESSAGES VALUES(176,'\u65e5\u5fd7\u95ee\u9898,ID:0.33637624866691596','\u5728JThink-Framework\u4e2d\u5982\u4f55\u5904\u7406\u65e5\u5fd7\uff1f','wenjian','192.168.0.1','wjian@free-think.org','32312569','2008-12-08 01:51:09.0',NULL,NULL,NULL)
COMMIT
DISCONNECT
/*C14*/DISCONNECT
/*C15*/DISCONNECT
/*C16*/CONNECT USER SA
/*C17*/CONNECT USER SA
/*C18*/CONNECT USER SA
/*C16*/SET AUTOCOMMIT FALSE
INSERT INTO MESSAGES VALUES(177,'\u4e8b\u52a1\u95ee\u9898,ID:0.05839858740973625','\u5728JThink-Framework\u4e2d\u5982\u4f55\u5904\u7406\u4e8b\u52a1\uff1f','try','127.0.0.1','try_wen@yahoo.com.cn','32312569','2008-12-08 01:51:26.0',NULL,NULL,NULL)
COMMIT
INSERT INTO MESSAGES VALUES(178,'\u65e5\u5fd7\u95ee\u9898,ID:0.7459621126229812','\u5728JThink-Framework\u4e2d\u5982\u4f55\u5904\u7406\u65e5\u5fd7\uff1f','wenjian','192.168.0.1','wjian@free-think.org','32312569','2008-12-08 01:51:26.0',NULL,NULL,NULL)
COMMIT
DISCONNECT
/*C17*/DISCONNECT
/*C18*/DISCONNECT
/*C19*/CONNECT USER SA
/*C20*/CONNECT USER SA
/*C21*/CONNECT USER SA
/*C19*/SET AUTOCOMMIT FALSE
INSERT INTO MESSAGES VALUES(179,'\u4e8b\u52a1\u95ee\u9898,ID:0.5488706489720816','\u5728JThink-Framework\u4e2d\u5982\u4f55\u5904\u7406\u4e8b\u52a1\uff1f','try','127.0.0.1','try_wen@yahoo.com.cn','32312569','2008-12-08 01:52:06.0',NULL,NULL,NULL)
COMMIT
INSERT INTO MESSAGES VALUES(180,'\u65e5\u5fd7\u95ee\u9898,ID:0.9867750621971397','\u5728JThink-Framework\u4e2d\u5982\u4f55\u5904\u7406\u65e5\u5fd7\uff1f','wenjian','192.168.0.1','wjian@free-think.org','32312569','2008-12-08 01:52:06.0',NULL,NULL,NULL)
COMMIT
INSERT INTO MESSAGES VALUES(181,'\u4e8b\u52a1\u95ee\u9898,ID:0.5488706489720816','\u5728JThink-Framework\u4e2d\u5982\u4f55\u5904\u7406\u4e8b\u52a1\uff1f','try','127.0.0.1','try_wen@yahoo.com.cn','32312569','2008-12-08 01:52:06.0',NULL,NULL,NULL)
INSERT INTO MESSAGES VALUES(182,'\u65e5\u5fd7\u95ee\u9898,ID:0.9867750621971397','\u5728JThink-Framework\u4e2d\u5982\u4f55\u5904\u7406\u65e5\u5fd7\uff1f','wenjian','192.168.0.1','wjian@free-think.org','32312569','2008-12-08 01:52:06.0',NULL,NULL,NULL)
COMMIT
DISCONNECT
/*C20*/DISCONNECT
/*C21*/DISCONNECT
/*C22*/CONNECT USER SA
/*C23*/CONNECT USER SA
/*C24*/CONNECT USER SA
/*C22*/SET AUTOCOMMIT FALSE
INSERT INTO MESSAGES VALUES(183,'\u4e8b\u52a1\u95ee\u9898,ID:0.5595732723996865','\u5728JThink-Framework\u4e2d\u5982\u4f55\u5904\u7406\u4e8b\u52a1\uff1f','try','127.0.0.1','try_wen@yahoo.com.cn','32312569','2008-12-08 01:52:21.0',NULL,NULL,NULL)
COMMIT
INSERT INTO MESSAGES VALUES(184,'\u65e5\u5fd7\u95ee\u9898,ID:0.07207517049345635','\u5728JThink-Framework\u4e2d\u5982\u4f55\u5904\u7406\u65e5\u5fd7\uff1f','wenjian','192.168.0.1','wjian@free-think.org','32312569','2008-12-08 01:52:21.0',NULL,NULL,NULL)
COMMIT
INSERT INTO MESSAGES VALUES(185,'\u4e8b\u52a1\u95ee\u9898,ID:0.5595732723996865','\u5728JThink-Framework\u4e2d\u5982\u4f55\u5904\u7406\u4e8b\u52a1\uff1f','try','127.0.0.1','try_wen@yahoo.com.cn','32312569','2008-12-08 01:52:21.0',NULL,NULL,NULL)
INSERT INTO MESSAGES VALUES(186,'\u65e5\u5fd7\u95ee\u9898,ID:0.07207517049345635','\u5728JThink-Framework\u4e2d\u5982\u4f55\u5904\u7406\u65e5\u5fd7\uff1f','wenjian','192.168.0.1','wjian@free-think.org','32312569','2008-12-08 01:52:21.0',NULL,NULL,NULL)
COMMIT
DISCONNECT
/*C23*/DISCONNECT
/*C24*/DISCONNECT
/*C25*/CONNECT USER SA
/*C26*/CONNECT USER SA
/*C27*/CONNECT USER SA
/*C25*/SET AUTOCOMMIT FALSE
INSERT INTO MESSAGES VALUES(187,'\u4e8b\u52a1\u95ee\u9898,ID:0.2250048146256921','\u5728JThink-Framework\u4e2d\u5982\u4f55\u5904\u7406\u4e8b\u52a1\uff1f','try','127.0.0.1','try_wen@yahoo.com.cn','32312569','2008-12-08 01:53:17.0',NULL,NULL,NULL)
COMMIT
INSERT INTO MESSAGES VALUES(188,'\u65e5\u5fd7\u95ee\u9898,ID:0.4408734887352257','\u5728JThink-Framework\u4e2d\u5982\u4f55\u5904\u7406\u65e5\u5fd7\uff1f','wenjian','192.168.0.1','wjian@free-think.org','32312569','2008-12-08 01:53:17.0',NULL,NULL,NULL)
COMMIT
INSERT INTO MESSAGES VALUES(189,'\u4e8b\u52a1\u95ee\u9898,ID:0.2250048146256921','\u5728JThink-Framework\u4e2d\u5982\u4f55\u5904\u7406\u4e8b\u52a1\uff1f','try','127.0.0.1','try_wen@yahoo.com.cn','32312569','2008-12-08 01:53:17.0',NULL,NULL,NULL)
INSERT INTO MESSAGES VALUES(190,'\u65e5\u5fd7\u95ee\u9898,ID:0.4408734887352257','\u5728JThink-Framework\u4e2d\u5982\u4f55\u5904\u7406\u65e5\u5fd7\uff1f','wenjian','192.168.0.1','wjian@free-think.org','32312569','2008-12-08 01:53:17.0',NULL,NULL,NULL)
COMMIT
DISCONNECT
/*C26*/DISCONNECT
/*C27*/DISCONNECT
/*C28*/CONNECT USER SA
/*C29*/CONNECT USER SA
/*C30*/CONNECT USER SA
/*C28*/SET AUTOCOMMIT FALSE
INSERT INTO MESSAGES VALUES(191,'\u4e8b\u52a1\u95ee\u9898,ID:0.010701292494138759','\u5728JThink-Framework\u4e2d\u5982\u4f55\u5904\u7406\u4e8b\u52a1\uff1f','try','127.0.0.1','try_wen@yahoo.com.cn','32312569','2008-12-08 01:54:17.0',NULL,NULL,NULL)
COMMIT
INSERT INTO MESSAGES VALUES(192,'\u65e5\u5fd7\u95ee\u9898,ID:0.6223998648419964','\u5728JThink-Framework\u4e2d\u5982\u4f55\u5904\u7406\u65e5\u5fd7\uff1f','wenjian','192.168.0.1','wjian@free-think.org','32312569','2008-12-08 01:54:17.0',NULL,NULL,NULL)
COMMIT
INSERT INTO MESSAGES VALUES(193,'\u4e8b\u52a1\u95ee\u9898,ID:0.010701292494138759','\u5728JThink-Framework\u4e2d\u5982\u4f55\u5904\u7406\u4e8b\u52a1\uff1f','try','127.0.0.1','try_wen@yahoo.com.cn','32312569','2008-12-08 01:54:17.0',NULL,NULL,NULL)
INSERT INTO MESSAGES VALUES(194,'\u65e5\u5fd7\u95ee\u9898,ID:0.6223998648419964','\u5728JThink-Framework\u4e2d\u5982\u4f55\u5904\u7406\u65e5\u5fd7\uff1f','wenjian','192.168.0.1','wjian@free-think.org','32312569','2008-12-08 01:54:17.0',NULL,NULL,NULL)
COMMIT
DISCONNECT
/*C29*/DISCONNECT
/*C30*/DISCONNECT
/*C31*/CONNECT USER SA
/*C32*/CONNECT USER SA
/*C33*/CONNECT USER SA
/*C31*/SET AUTOCOMMIT FALSE
INSERT INTO MESSAGES VALUES(195,'\u4e8b\u52a1\u95ee\u9898,ID:0.15410317225471692','\u5728JThink-Framework\u4e2d\u5982\u4f55\u5904\u7406\u4e8b\u52a1\uff1f','try','127.0.0.1','try_wen@yahoo.com.cn','32312569','2008-12-08 01:55:30.0',NULL,NULL,NULL)
COMMIT
INSERT INTO MESSAGES VALUES(196,'\u65e5\u5fd7\u95ee\u9898,ID:0.06134319658310361','\u5728JThink-Framework\u4e2d\u5982\u4f55\u5904\u7406\u65e5\u5fd7\uff1f','wenjian','192.168.0.1','wjian@free-think.org','32312569','2008-12-08 01:55:30.0',NULL,NULL,NULL)
COMMIT
INSERT INTO MESSAGES VALUES(197,'\u4e8b\u52a1\u95ee\u9898,ID:0.15410317225471692','\u5728JThink-Framework\u4e2d\u5982\u4f55\u5904\u7406\u4e8b\u52a1\uff1f','try','127.0.0.1','try_wen@yahoo.com.cn','32312569','2008-12-08 01:55:30.0',NULL,NULL,NULL)
INSERT INTO MESSAGES VALUES(198,'\u65e5\u5fd7\u95ee\u9898,ID:0.06134319658310361','\u5728JThink-Framework\u4e2d\u5982\u4f55\u5904\u7406\u65e5\u5fd7\uff1f','wenjian','192.168.0.1','wjian@free-think.org','32312569','2008-12-08 01:55:30.0',NULL,NULL,NULL)
COMMIT
DISCONNECT
/*C32*/DISCONNECT
/*C33*/DISCONNECT
/*C34*/CONNECT USER SA
/*C35*/CONNECT USER SA
/*C36*/CONNECT USER SA
/*C34*/SET AUTOCOMMIT FALSE
INSERT INTO MESSAGES VALUES(199,'\u4e8b\u52a1\u95ee\u9898,ID:0.1295257759666012','\u5728JThink-Framework\u4e2d\u5982\u4f55\u5904\u7406\u4e8b\u52a1\uff1f','try','127.0.0.1','try_wen@yahoo.com.cn','32312569','2008-12-08 01:56:05.0',NULL,NULL,NULL)
COMMIT
INSERT INTO MESSAGES VALUES(200,'\u65e5\u5fd7\u95ee\u9898,ID:0.8996469701444793','\u5728JThink-Framework\u4e2d\u5982\u4f55\u5904\u7406\u65e5\u5fd7\uff1f','wenjian','192.168.0.1','wjian@free-think.org','32312569','2008-12-08 01:56:05.0',NULL,NULL,NULL)
COMMIT
INSERT INTO MESSAGES VALUES(201,'\u4e8b\u52a1\u95ee\u9898,ID:0.1295257759666012','\u5728JThink-Framework\u4e2d\u5982\u4f55\u5904\u7406\u4e8b\u52a1\uff1f','try','127.0.0.1','try_wen@yahoo.com.cn','32312569','2008-12-08 01:56:05.0',NULL,NULL,NULL)
INSERT INTO MESSAGES VALUES(202,'\u65e5\u5fd7\u95ee\u9898,ID:0.8996469701444793','\u5728JThink-Framework\u4e2d\u5982\u4f55\u5904\u7406\u65e5\u5fd7\uff1f','wenjian','192.168.0.1','wjian@free-think.org','32312569','2008-12-08 01:56:05.0',NULL,NULL,NULL)
COMMIT
DISCONNECT
/*C35*/DISCONNECT
/*C36*/DISCONNECT
/*C37*/CONNECT USER SA
/*C38*/CONNECT USER SA
/*C39*/CONNECT USER SA
/*C37*/SET AUTOCOMMIT FALSE
/*C38*/DISCONNECT
/*C39*/DISCONNECT
/*C37*/DISCONNECT
/*C40*/CONNECT USER SA
/*C41*/CONNECT USER SA
/*C42*/CONNECT USER SA
/*C40*/SET AUTOCOMMIT FALSE
/*C41*/DISCONNECT
/*C42*/DISCONNECT
/*C40*/DISCONNECT
/*C43*/CONNECT USER SA
/*C44*/CONNECT USER SA
/*C45*/CONNECT USER SA
/*C43*/SET AUTOCOMMIT FALSE
DELETE FROM MESSAGES WHERE ID=192
COMMIT
DELETE FROM MESSAGES WHERE ID=191
COMMIT
DELETE FROM MESSAGES WHERE ID=190
COMMIT
DELETE FROM MESSAGES WHERE ID=188
COMMIT
DELETE FROM MESSAGES WHERE ID=189
COMMIT
DELETE FROM MESSAGES WHERE ID=187
COMMIT
/*C44*/DISCONNECT
/*C45*/DISCONNECT
/*C43*/DISCONNECT
/*C46*/CONNECT USER SA
/*C47*/CONNECT USER SA
/*C48*/CONNECT USER SA
/*C46*/SET AUTOCOMMIT FALSE
DELETE FROM MESSAGES WHERE ID=186
INSERT INTO MESSAGES VALUES(186,'\u65e5\u5fd7\u95ee\u9898,ID:0.07207517049345635','\u5728JThink-Framework\u4e2d\u5982\u4f55\u5904\u7406\u65e5\u5fd7\uff1f','wenjian','192.168.0.1','wjian@free-think.org','32312569','2008-12-08 01:52:21.0','null','null','2008-12-08 02:10:19.0')
COMMIT
DELETE FROM MESSAGES WHERE ID=202
INSERT INTO MESSAGES VALUES(202,'\u65e5\u5fd7\u95ee\u9898,ID:0.8996469701444793','\u5728JThink-Framework\u4e2d\u5982\u4f55\u5904\u7406\u65e5\u5fd7\uff1f','wenjian','192.168.0.1','wjian@free-think.org','32312569','2008-12-08 01:56:05.0','null','null','2008-12-08 02:10:26.0')
COMMIT
DELETE FROM MESSAGES WHERE ID=202
INSERT INTO MESSAGES VALUES(202,'\u65e5\u5fd7\u95ee\u9898,ID:0.8996469701444793','\u5728JThink-Framework\u4e2d\u5982\u4f55\u5904\u7406\u65e5\u5fd7\uff1f','wenjian','192.168.0.1','wjian@free-think.org','32312569','2008-12-08 01:56:05.0','sdfsd','faf','2008-12-08 02:10:32.0')
COMMIT
DELETE FROM MESSAGES WHERE ID=202
INSERT INTO MESSAGES VALUES(202,'\u65e5\u5fd7\u95ee\u9898,ID:0.8996469701444793','\u5728JThink-Framework\u4e2d\u5982\u4f55\u5904\u7406\u65e5\u5fd7\uff1f','wenjian','192.168.0.1','wjian@free-think.org','32312569','2008-12-08 01:56:05.0','sdfsd','','2008-12-08 02:10:36.0')
COMMIT
DELETE FROM MESSAGES WHERE ID=202
INSERT INTO MESSAGES VALUES(202,'\u65e5\u5fd7\u95ee\u9898,ID:0.8996469701444793','\u5728JThink-Framework\u4e2d\u5982\u4f55\u5904\u7406\u65e5\u5fd7\uff1f','wenjian','192.168.0.1','wjian@free-think.org','32312569','2008-12-08 01:56:05.0','','','2008-12-08 02:10:43.0')
COMMIT
/*C47*/DISCONNECT
/*C48*/DISCONNECT
/*C46*/DELETE FROM MESSAGES WHERE ID=201
INSERT INTO MESSAGES VALUES(201,'\u4e8b\u52a1\u95ee\u9898,ID:0.1295257759666012','\u5728JThink-Framework\u4e2d\u5982\u4f55\u5904\u7406\u4e8b\u52a1\uff1f','try','127.0.0.1','try_wen@yahoo.com.cn','32312569','2008-12-08 01:56:05.0','\u00c2\u00a0','\u00c2\u00a0','2008-12-08 02:12:06.0')
COMMIT
DELETE FROM MESSAGES WHERE ID=201
INSERT INTO MESSAGES VALUES(201,'\u4e8b\u52a1\u95ee\u9898,ID:0.1295257759666012','\u5728JThink-Framework\u4e2d\u5982\u4f55\u5904\u7406\u4e8b\u52a1\uff1f','try','127.0.0.1','try_wen@yahoo.com.cn','32312569','2008-12-08 01:56:05.0','\u00c3\u0082\u00c2\u00a0','\u00c3\u0082\u00c2\u00a0','2008-12-08 02:13:01.0')
COMMIT
DELETE FROM MESSAGES WHERE ID=202
INSERT INTO MESSAGES VALUES(202,'\u65e5\u5fd7\u95ee\u9898,ID:0.8996469701444793','\u5728JThink-Framework\u4e2d\u5982\u4f55\u5904\u7406\u65e5\u5fd7\uff1f','wenjian','192.168.0.1','wjian@free-think.org','32312569','2008-12-08 01:56:05.0','','','2008-12-08 02:13:07.0')
COMMIT
DELETE FROM MESSAGES WHERE ID=202
INSERT INTO MESSAGES VALUES(202,'\u65e5\u5fd7\u95ee\u9898,ID:0.8996469701444793','\u5728JThink-Framework\u4e2d\u5982\u4f55\u5904\u7406\u65e5\u5fd7\uff1f','wenjian','192.168.0.1','wjian@free-think.org','32312569','2008-12-08 01:56:05.0','','','2008-12-08 02:13:12.0')
COMMIT
DELETE FROM MESSAGES WHERE ID=201
INSERT INTO MESSAGES VALUES(201,'\u4e8b\u52a1\u95ee\u9898,ID:0.1295257759666012','\u5728JThink-Framework\u4e2d\u5982\u4f55\u5904\u7406\u4e8b\u52a1\uff1f','try','127.0.0.1','try_wen@yahoo.com.cn','32312569','2008-12-08 01:56:05.0','\u00c3\u0083\u00c2\u0082\u00c3\u0082\u00c2\u00a0','\u00c3\u0083\u00c2\u0082\u00c3\u0082\u00c2\u00a0','2008-12-08 02:13:17.0')
COMMIT
DELETE FROM MESSAGES WHERE ID=200
INSERT INTO MESSAGES VALUES(200,'\u65e5\u5fd7\u95ee\u9898,ID:0.8996469701444793','\u5728JThink-Framework\u4e2d\u5982\u4f55\u5904\u7406\u65e5\u5fd7\uff1f','wenjian','192.168.0.1','wjian@free-think.org','32312569','2008-12-08 01:56:05.0','','','2008-12-08 02:13:28.0')
COMMIT
DELETE FROM MESSAGES WHERE ID=201
COMMIT
DELETE FROM MESSAGES WHERE ID=200
COMMIT
DELETE FROM MESSAGES WHERE ID=202
COMMIT
DELETE FROM MESSAGES WHERE ID=199
COMMIT
DELETE FROM MESSAGES WHERE ID=198
COMMIT
DELETE FROM MESSAGES WHERE ID=196
COMMIT
DELETE FROM MESSAGES WHERE ID=197
COMMIT
DELETE FROM MESSAGES WHERE ID=195
INSERT INTO MESSAGES VALUES(195,'\u4e8b\u52a1\u95ee\u9898,ID:0.15410317225471692','\u5728JThink-Framework\u4e2d\u5982\u4f55\u5904\u7406\u4e8b\u52a1\uff1f','try','127.0.0.1','try_wen@yahoo.com.cn','32312569','2008-12-08 01:55:30.0','','','2008-12-08 02:13:39.0')
COMMIT
DELETE FROM MESSAGES WHERE ID=195
INSERT INTO MESSAGES VALUES(195,'\u4e8b\u52a1\u95ee\u9898,ID:0.15410317225471692','\u5728JThink-Framework\u4e2d\u5982\u4f55\u5904\u7406\u4e8b\u52a1\uff1f','try','127.0.0.1','try_wen@yahoo.com.cn','32312569','2008-12-08 01:55:30.0','','','2008-12-08 02:13:43.0')
COMMIT
DELETE FROM MESSAGES WHERE ID=6
COMMIT
DELETE FROM MESSAGES WHERE ID=5
COMMIT
DELETE FROM MESSAGES WHERE ID=4
COMMIT
DELETE FROM MESSAGES WHERE ID=3
COMMIT
DELETE FROM MESSAGES WHERE ID=2
COMMIT
DELETE FROM MESSAGES WHERE ID=1
COMMIT
DELETE FROM MESSAGES WHERE ID=66
COMMIT
DELETE FROM MESSAGES WHERE ID=65
COMMIT
DELETE FROM MESSAGES WHERE ID=64
COMMIT
DELETE FROM MESSAGES WHERE ID=63
COMMIT
DELETE FROM MESSAGES WHERE ID=62
COMMIT
DELETE FROM MESSAGES WHERE ID=61
COMMIT
DELETE FROM MESSAGES WHERE ID=60
COMMIT
DELETE FROM MESSAGES WHERE ID=59
COMMIT
DELETE FROM MESSAGES WHERE ID=58
COMMIT
DELETE FROM MESSAGES WHERE ID=57
COMMIT
DELETE FROM MESSAGES WHERE ID=56
COMMIT
DELETE FROM MESSAGES WHERE ID=55
COMMIT
DELETE FROM MESSAGES WHERE ID=54
COMMIT
DELETE FROM MESSAGES WHERE ID=53
COMMIT
DELETE FROM MESSAGES WHERE ID=52
COMMIT
DELETE FROM MESSAGES WHERE ID=51
COMMIT
DELETE FROM MESSAGES WHERE ID=50
COMMIT
DELETE FROM MESSAGES WHERE ID=49
COMMIT
DELETE FROM MESSAGES WHERE ID=48
COMMIT
DELETE FROM MESSAGES WHERE ID=47
COMMIT
DELETE FROM MESSAGES WHERE ID=37
COMMIT
DELETE FROM MESSAGES WHERE ID=45
COMMIT
DELETE FROM MESSAGES WHERE ID=46
COMMIT
DELETE FROM MESSAGES WHERE ID=44
COMMIT
DELETE FROM MESSAGES WHERE ID=42
COMMIT
DELETE FROM MESSAGES WHERE ID=43
COMMIT
DELETE FROM MESSAGES WHERE ID=40
COMMIT
DELETE FROM MESSAGES WHERE ID=41
COMMIT
DELETE FROM MESSAGES WHERE ID=38
COMMIT
DELETE FROM MESSAGES WHERE ID=39
COMMIT
DELETE FROM MESSAGES WHERE ID=36
COMMIT
DELETE FROM MESSAGES WHERE ID=35
COMMIT
DELETE FROM MESSAGES WHERE ID=34
COMMIT
DELETE FROM MESSAGES WHERE ID=33
COMMIT
DELETE FROM MESSAGES WHERE ID=32
COMMIT
DELETE FROM MESSAGES WHERE ID=31
COMMIT
DELETE FROM MESSAGES WHERE ID=30
COMMIT
DELETE FROM MESSAGES WHERE ID=29
COMMIT
DELETE FROM MESSAGES WHERE ID=28
COMMIT
DELETE FROM MESSAGES WHERE ID=27
COMMIT
INSERT INTO MESSAGES VALUES(196,'ffffffffffff','fffffffffffffff','ffffffffffff','127.0.0.1',NULL,NULL,'2008-12-08 02:17:01.0',NULL,NULL,NULL)
COMMIT
DELETE FROM MESSAGES WHERE ID=196
COMMIT
INSERT INTO MESSAGES VALUES(196,'ddd','gggg',NULL,'127.0.0.1',NULL,NULL,'2008-12-08 02:17:32.0',NULL,NULL,NULL)
COMMIT
DELETE FROM MESSAGES WHERE ID=196
INSERT INTO MESSAGES VALUES(196,'ddd','gggg',NULL,'127.0.0.1',NULL,NULL,'2008-12-08 02:17:32.0','sdfsdfsd','sdfsd','2008-12-08 02:17:38.0')
COMMIT
INSERT INTO MESSAGES VALUES(197,'vsdgsdfgdfg','dgsdgf','dfdsgsf','127.0.0.1',NULL,NULL,'2008-12-08 02:17:47.0',NULL,NULL,NULL)
COMMIT
DELETE FROM MESSAGES WHERE ID=197
COMMIT
DELETE FROM MESSAGES WHERE ID=196
COMMIT
DELETE FROM MESSAGES WHERE ID=195
COMMIT
DELETE FROM MESSAGES WHERE ID=194
COMMIT
DELETE FROM MESSAGES WHERE ID=193
COMMIT
DELETE FROM MESSAGES WHERE ID=186
COMMIT
DELETE FROM MESSAGES WHERE ID=184
COMMIT
DELETE FROM MESSAGES WHERE ID=185
COMMIT
DELETE FROM MESSAGES WHERE ID=183
COMMIT
DELETE FROM MESSAGES WHERE ID=182
COMMIT
DELETE FROM MESSAGES WHERE ID=180
COMMIT
DELETE FROM MESSAGES WHERE ID=181
INSERT INTO MESSAGES VALUES(181,'\u4e8b\u52a1\u95ee\u9898,ID:0.5488706489720816','\u5728JThink-Framework\u4e2d\u5982\u4f55\u5904\u7406\u4e8b\u52a1\uff1f','try','127.0.0.1','try_wen@yahoo.com.cn','32312569','2008-12-08 01:52:06.0','sdsdsd','sddssdsdf','2008-12-08 02:18:25.0')
COMMIT
DISCONNECT
